Temp/gradleOut/launcher/build/intermediates/manifest_merge_blame_file/release/manifest-merger-blame-release-report.txt
1<?xml version="1.0" encoding="utf-8"?>
2<!-- GENERATED BY UNITY. REMOVE THIS COMMENT TO PREVENT OVERWRITING WHEN EXPORTING AGAIN -->
3<manifest xmlns:android="http://schemas.android.com/apk/res/android"
4    package="com.Roambee.rbdemo"
5    android:installLocation="auto"
6    android:versionCode="1"
7    android:versionName="0.1" >
8
9    <uses-sdk
10        android:minSdkVersion="23"
10-->src/main/AndroidManifest.xml
11        android:targetSdkVersion="30" />
11-->src/main/AndroidManifest.xml
12
13    <supports-screens
13-->src/main/AndroidManifest.xml:4:3-163
14        android:anyDensity="true"
14-->src/main/AndroidManifest.xml:4:135-160
15        android:largeScreens="true"
15-->src/main/AndroidManifest.xml:4:78-105
16        android:normalScreens="true"
16-->src/main/AndroidManifest.xml:4:49-77
17        android:smallScreens="true"
17-->src/main/AndroidManifest.xml:4:21-48
18        android:xlargeScreens="true" />
18-->src/main/AndroidManifest.xml:4:106-134
19
20    <uses-feature
20-->[:unityLibrary] AndroidManifest.xml:12:5-15:31
21        android:name="android.hardware.vr.headtracking"
21-->[:unityLibrary] AndroidManifest.xml:13:9-56
22        android:required="true"
22-->[:unityLibrary] AndroidManifest.xml:14:9-32
23        android:version="1" />
23-->[:unityLibrary] AndroidManifest.xml:15:9-28
24    <uses-feature android:glEsVersion="0x00030000" />
24-->[:unityLibrary] AndroidManifest.xml:16:5-54
24-->[:unityLibrary] AndroidManifest.xml:16:19-51
25
26    <supports-gl-texture android:name="GL_KHR_texture_compression_astc_ldr" />
26-->[:unityLibrary] AndroidManifest.xml:18:5-79
26-->[:unityLibrary] AndroidManifest.xml:18:26-76
27
28    <uses-permission android:name="android.permission.INTERNET" />
28-->[:unityLibrary] AndroidManifest.xml:20:5-67
28-->[:unityLibrary] AndroidManifest.xml:20:22-64
29    <uses-permission android:name="android.permission.RECORD_AUDIO" />
29-->[:unityLibrary] AndroidManifest.xml:21:5-71
29-->[:unityLibrary] AndroidManifest.xml:21:22-68
30    <uses-permission android:name="android.permission.MODIFY_AUDIO_SETTINGS" />
30-->[:unityLibrary] AndroidManifest.xml:22:5-80
30-->[:unityLibrary] AndroidManifest.xml:22:22-77
31
32    <uses-feature
32-->[:unityLibrary] AndroidManifest.xml:24:5-26:36
33        android:name="android.hardware.microphone"
33-->[:unityLibrary] AndroidManifest.xml:25:9-51
34        android:required="false" />
34-->[:unityLibrary] AndroidManifest.xml:26:9-33
35    <uses-feature
35-->[:unityLibrary] AndroidManifest.xml:27:5-29:36
36        android:name="android.hardware.touchscreen"
36-->[:unityLibrary] AndroidManifest.xml:28:9-52
37        android:required="false" />
37-->[:unityLibrary] AndroidManifest.xml:29:9-33
38    <uses-feature
38-->[:unityLibrary] AndroidManifest.xml:30:5-32:36
39        android:name="android.hardware.touchscreen.multitouch"
39-->[:unityLibrary] AndroidManifest.xml:31:9-63
40        android:required="false" />
40-->[:unityLibrary] AndroidManifest.xml:32:9-33
41    <uses-feature
41-->[:unityLibrary] AndroidManifest.xml:33:5-35:36
42        android:name="android.hardware.touchscreen.multitouch.distinct"
42-->[:unityLibrary] AndroidManifest.xml:34:9-72
43        android:required="false" />
43-->[:unityLibrary] AndroidManifest.xml:35:9-33
44
45    <application
45-->src/main/AndroidManifest.xml:5:3-116
46        android:allowBackup="false"
46-->[:unityLibrary] AndroidManifest.xml:38:9-36
47        android:extractNativeLibs="true"
47-->src/main/AndroidManifest.xml:5:16-48
48        android:icon="@mipmap/app_icon"
48-->src/main/AndroidManifest.xml:5:82-113
49        android:label="@string/app_name"
49-->src/main/AndroidManifest.xml:5:49-81
50        android:networkSecurityConfig="@xml/network_sec_config" >
50-->[:unityLibrary] AndroidManifest.xml:41:9-64
51        <activity
51-->[:unityLibrary] AndroidManifest.xml:42:9-64:20
52            android:name="com.unity3d.player.UnityPlayerActivity"
52-->[:unityLibrary] AndroidManifest.xml:43:13-66
53            android:configChanges="keyboard|keyboardHidden|navigation|orientation|screenLayout|screenSize|uiMode"
53-->[:unityLibrary] AndroidManifest.xml:44:13-114
54            android:excludeFromRecents="true"
54-->[:unityLibrary] AndroidManifest.xml:45:13-46
55            android:hardwareAccelerated="false"
55-->[:unityLibrary] AndroidManifest.xml:46:13-48
56            android:launchMode="singleTask"
56-->[:unityLibrary] AndroidManifest.xml:47:13-44
57            android:resizeableActivity="false"
57-->[:unityLibrary] AndroidManifest.xml:48:13-47
58            android:screenOrientation="landscape"
58-->[:unityLibrary] AndroidManifest.xml:49:13-50
59            android:theme="@android:style/Theme.Black.NoTitleBar.Fullscreen" >
59-->[:unityLibrary] AndroidManifest.xml:50:13-77
60            <intent-filter>
60-->[:unityLibrary] AndroidManifest.xml:51:13-56:29
61                <action android:name="android.intent.action.MAIN" />
61-->[:unityLibrary] AndroidManifest.xml:52:17-69
61-->[:unityLibrary] AndroidManifest.xml:52:25-66
62
63                <category android:name="android.intent.category.LAUNCHER" />
63-->[:unityLibrary] AndroidManifest.xml:54:17-77
63-->[:unityLibrary] AndroidManifest.xml:54:27-74
64                <category android:name="com.oculus.intent.category.VR" />
64-->[:unityLibrary] AndroidManifest.xml:55:17-74
64-->[:unityLibrary] AndroidManifest.xml:55:27-71
65            </intent-filter>
66
67            <meta-data
67-->[:unityLibrary] AndroidManifest.xml:58:13-60:40
68                android:name="android.notch_support"
68-->[:unityLibrary] AndroidManifest.xml:59:17-53
69                android:value="true" />
69-->[:unityLibrary] AndroidManifest.xml:60:17-37
70            <meta-data
70-->[:unityLibrary] AndroidManifest.xml:61:13-63:40
71                android:name="com.oculus.vr.focusaware"
71-->[:unityLibrary] AndroidManifest.xml:62:17-56
72                android:value="true" />
72-->[:unityLibrary] AndroidManifest.xml:63:17-37
73        </activity>
74
75        <meta-data
75-->[:unityLibrary] AndroidManifest.xml:66:9-68:37
76            android:name="unityplayer.SkipPermissionsDialog"
76-->[:unityLibrary] AndroidManifest.xml:67:13-61
77            android:value="false" />
77-->[:unityLibrary] AndroidManifest.xml:68:13-34
78        <meta-data
78-->[:unityLibrary] AndroidManifest.xml:69:9-71:39
79            android:name="com.samsung.android.vr.application.mode"
79-->[:unityLibrary] AndroidManifest.xml:70:13-67
80            android:value="vr_only" />
80-->[:unityLibrary] AndroidManifest.xml:71:13-36
81        <meta-data
81-->[:unityLibrary] AndroidManifest.xml:72:9-74:33
82            android:name="unity.splash-mode"
82-->[:unityLibrary] AndroidManifest.xml:73:13-45
83            android:value="0" />
83-->[:unityLibrary] AndroidManifest.xml:74:13-30
84        <meta-data
84-->[:unityLibrary] AndroidManifest.xml:75:9-77:36
85            android:name="unity.splash-enable"
85-->[:unityLibrary] AndroidManifest.xml:76:13-47
86            android:value="True" />
86-->[:unityLibrary] AndroidManifest.xml:77:13-33
87        <meta-data
87-->[:unityLibrary] AndroidManifest.xml:78:9-80:37
88            android:name="unity.allow-resizable-window"
88-->[:unityLibrary] AndroidManifest.xml:79:13-56
89            android:value="False" />
89-->[:unityLibrary] AndroidManifest.xml:80:13-34
90        <meta-data
90-->[:unityLibrary] AndroidManifest.xml:81:9-83:50
91            android:name="notch.config"
91-->[:unityLibrary] AndroidManifest.xml:82:13-40
92            android:value="portrait|landscape" />
92-->[:unityLibrary] AndroidManifest.xml:83:13-47
93        <meta-data
93-->[:unityLibrary] AndroidManifest.xml:84:9-86:68
94            android:name="unity.build-id"
94-->[:unityLibrary] AndroidManifest.xml:85:13-42
95            android:value="ac26abad-208f-4e3c-9616-b7b93efb8c8a" />
95-->[:unityLibrary] AndroidManifest.xml:86:13-65
96        <meta-data
96-->[:unityLibrary] AndroidManifest.xml:87:9-89:36
97            android:name="com.unity.xr.oculus.LowOverheadMode"
97-->[:unityLibrary] AndroidManifest.xml:88:13-63
98            android:value="true" />
98-->[:unityLibrary] AndroidManifest.xml:89:13-33
99        <meta-data
99-->[:unityLibrary] AndroidManifest.xml:90:9-92:44
100            android:name="com.oculus.supportedDevices"
100-->[:unityLibrary] AndroidManifest.xml:91:13-55
101            android:value="quest|quest2" />
101-->[:unityLibrary] AndroidManifest.xml:92:13-41
102    </application>
103
104</manifest>